2024-03-16 08:39:08 [main] [correlationId=] INFO  c.l.s.ShopdevJavaApplication:55 - Starting ShopdevJavaApplication using Java 11.0.20.1 on Minhs-MacBook-Pro.local with PID 3168 (/Users/minhnhat/git_code/shopdev-java/target/classes started by minhnhat in /Users/minhnhat/git_code/shopdev-java)
2024-03-16 08:39:08 [main] [correlationId=] INFO  c.l.s.ShopdevJavaApplication:637 - The following 1 profile is active: "local"
2024-03-16 08:39:08 [main] [correlationId=] INFO  o.s.d.r.c.RepositoryConfigurationDelegate:262 - Multiple Spring Data modules found, entering strict repository configuration mode
2024-03-16 08:39:08 [main] [correlationId=] INFO  o.s.d.r.c.RepositoryConfigurationDelegate:132 - Bootstrapping Spring Data MongoDB repositories in DEFAULT mode.
2024-03-16 08:39:08 [main] [correlationId=] INFO  o.s.d.r.c.RepositoryConfigurationDelegate:201 - Finished Spring Data repository scanning in 22 ms. Found 8 MongoDB repository interfaces.
2024-03-16 08:39:08 [main] [correlationId=] INFO  o.s.b.w.e.t.TomcatWebServer:108 - Tomcat initialized with port(s): 8080 (http)
2024-03-16 08:39:08 [main] [correlationId=] INFO  o.a.c.c.StandardService:173 - Starting service [Tomcat]
2024-03-16 08:39:08 [main] [correlationId=] INFO  o.a.c.c.StandardEngine:173 - Starting Servlet engine: [Apache Tomcat/9.0.80]
2024-03-16 08:39:08 [main] [correlationId=] INFO  o.a.c.c.C.[.[.[/]:173 - Initializing Spring embedded WebApplicationContext
2024-03-16 08:39:08 [main] [correlationId=] INFO  o.s.b.w.s.c.ServletWebServerApplicationContext:292 - Root WebApplicationContext: initialization completed in 460 ms
2024-03-16 08:39:08 [main] [correlationId=] INFO  o.m.d.client:71 - MongoClient with metadata {"driver": {"name": "mongo-java-driver|sync|spring-boot", "version": "4.6.1"}, "os": {"type": "Darwin", "name": "Mac OS X", "architecture": "aarch64", "version": "14.1.1"}, "platform": "Java/Homebrew/11.0.20.1+0"} created with settings MongoClientSettings{readPreference=primary, writeConcern=WriteConcern{w=null, wTimeout=null ms, journal=null}, retryWrites=true, retryReads=true, readConcern=ReadConcern{level=null}, credential=null, streamFactoryFactory=null, commandListeners=[], codecRegistry=ProvidersCodecRegistry{codecProviders=[ValueCodecProvider{}, BsonValueCodecProvider{}, DBRefCodecProvider{}, DBObjectCodecProvider{}, DocumentCodecProvider{}, IterableCodecProvider{}, MapCodecProvider{}, GeoJsonCodecProvider{}, GridFSFileCodecProvider{}, Jsr310CodecProvider{}, JsonObjectCodecProvider{}, BsonCodecProvider{}, EnumCodecProvider{}, com.mongodb.Jep395RecordCodecProvider@5e9f73b]}, clusterSettings={hosts=[localhost:27017], srvServiceName=mongodb, mode=SINGLE, requiredClusterType=UNKNOWN, requiredReplicaSetName='null', serverSelector='null', clusterListeners='[]', serverSelectionTimeout='30000 ms', localThreshold='30000 ms'}, socketSettings=SocketSettings{connectTimeoutMS=10000, readTimeoutMS=0, receiveBufferSize=0, sendBufferSize=0}, heartbeatSocketSettings=SocketSettings{connectTimeoutMS=10000, readTimeoutMS=10000, receiveBufferSize=0, sendBufferSize=0}, connectionPoolSettings=ConnectionPoolSettings{maxSize=100, minSize=0, maxWaitTimeMS=120000, maxConnectionLifeTimeMS=0, maxConnectionIdleTimeMS=0, maintenanceInitialDelayMS=0, maintenanceFrequencyMS=60000, connectionPoolListeners=[], maxConnecting=2}, serverSettings=ServerSettings{heartbeatFrequencyMS=10000, minHeartbeatFrequencyMS=500, serverListeners='[]', serverMonitorListeners='[]'}, sslSettings=SslSettings{enabled=false, invalidHostNameAllowed=false, context=null}, applicationName='null', compressorList=[], uuidRepresentation=JAVA_LEGACY, serverApi=null, autoEncryptionSettings=null, contextProvider=null}
2024-03-16 08:39:08 [cluster-rtt-ClusterId{value='65f55aacee76476a4d2924f7', description='null'}-localhost:27017] [correlationId=] INFO  o.m.d.connection:71 - Opened connection [connectionId{localValue:2, serverValue:95}] to localhost:27017
2024-03-16 08:39:08 [cluster-ClusterId{value='65f55aacee76476a4d2924f7', description='null'}-localhost:27017] [correlationId=] INFO  o.m.d.connection:71 - Opened connection [connectionId{localValue:1, serverValue:94}] to localhost:27017
2024-03-16 08:39:08 [cluster-ClusterId{value='65f55aacee76476a4d2924f7', description='null'}-localhost:27017] [correlationId=] INFO  o.m.d.cluster:71 - Monitor thread successfully connected to server with description ServerDescription{address=localhost:27017, type=STANDALONE, state=CONNECTED, ok=true, minWireVersion=0, maxWireVersion=21, maxDocumentSize=16777216, logicalSessionTimeoutMinutes=30, roundTripTimeNanos=8626875}
2024-03-16 08:39:09 [main] [correlationId=] INFO  o.s.b.w.e.t.TomcatWebServer:220 - Tomcat started on port(s): 8080 (http) with context path ''
2024-03-16 08:39:09 [main] [correlationId=] INFO  c.l.s.ShopdevJavaApplication:61 - Started ShopdevJavaApplication in 6.086 seconds (JVM running for 6.263)
2024-03-16 08:39:14 [http-nio-8080-exec-1] [correlationId=] INFO  o.a.c.c.C.[.[.[/]:173 - Initializing Spring DispatcherServlet 'dispatcherServlet'
2024-03-16 08:39:14 [http-nio-8080-exec-1] [correlationId=] INFO  o.s.w.s.DispatcherServlet:525 - Initializing Servlet 'dispatcherServlet'
2024-03-16 08:39:14 [http-nio-8080-exec-1] [correlationId=] INFO  o.s.w.s.DispatcherServlet:547 - Completed initialization in 1 ms
2024-03-16 08:39:14 [http-nio-8080-exec-1] [correlationId=fb24b346-75ad-4f89-82d0-67b9fa280927] INFO  c.l.s.c.HelloController:37 - outside multithread
2024-03-16 08:39:14 [pool-1-thread-1] [correlationId=fb24b346-75ad-4f89-82d0-67b9fa280927] INFO  c.l.s.c.HelloController:41 - call multithread
2024-03-16 08:39:14 [pool-1-thread-2] [correlationId=fb24b346-75ad-4f89-82d0-67b9fa280927] INFO  c.l.s.c.HelloController:41 - call multithread
2024-03-16 08:39:14 [pool-1-thread-1] [correlationId=fb24b346-75ad-4f89-82d0-67b9fa280927] INFO  c.l.s.c.HelloController:41 - call multithread
2024-03-16 08:39:14 [pool-1-thread-3] [correlationId=fb24b346-75ad-4f89-82d0-67b9fa280927] INFO  c.l.s.c.HelloController:41 - call multithread
2024-03-16 08:39:14 [pool-1-thread-2] [correlationId=fb24b346-75ad-4f89-82d0-67b9fa280927] INFO  c.l.s.c.HelloController:41 - call multithread
2024-03-16 08:39:14 [pool-1-thread-1] [correlationId=fb24b346-75ad-4f89-82d0-67b9fa280927] INFO  c.l.s.c.HelloController:41 - call multithread
2024-03-16 08:39:14 [pool-1-thread-3] [correlationId=fb24b346-75ad-4f89-82d0-67b9fa280927] INFO  c.l.s.c.HelloController:41 - call multithread
2024-03-16 08:39:14 [pool-1-thread-2] [correlationId=fb24b346-75ad-4f89-82d0-67b9fa280927] INFO  c.l.s.c.HelloController:41 - call multithread
2024-03-16 08:39:14 [pool-1-thread-3] [correlationId=fb24b346-75ad-4f89-82d0-67b9fa280927] INFO  c.l.s.c.HelloController:41 - call multithread
2024-03-16 08:39:14 [pool-1-thread-1] [correlationId=fb24b346-75ad-4f89-82d0-67b9fa280927] INFO  c.l.s.c.HelloController:41 - call multithread
2024-03-16 08:41:23 [http-nio-8080-exec-4] [correlationId=c0ed6388-8d81-4e64-8784-d87e21bc0d3c] INFO  c.l.s.c.HelloController:37 - outside multithread
2024-03-16 08:41:23 [pool-2-thread-2] [correlationId=c0ed6388-8d81-4e64-8784-d87e21bc0d3c] INFO  c.l.s.c.HelloController:41 - call multithread
2024-03-16 08:41:23 [pool-2-thread-1] [correlationId=c0ed6388-8d81-4e64-8784-d87e21bc0d3c] INFO  c.l.s.c.HelloController:41 - call multithread
2024-03-16 08:41:23 [pool-2-thread-3] [correlationId=c0ed6388-8d81-4e64-8784-d87e21bc0d3c] INFO  c.l.s.c.HelloController:41 - call multithread
2024-03-16 08:41:23 [pool-2-thread-3] [correlationId=c0ed6388-8d81-4e64-8784-d87e21bc0d3c] INFO  c.l.s.c.HelloController:41 - call multithread
2024-03-16 08:41:23 [pool-2-thread-3] [correlationId=c0ed6388-8d81-4e64-8784-d87e21bc0d3c] INFO  c.l.s.c.HelloController:41 - call multithread
2024-03-16 08:41:23 [pool-2-thread-3] [correlationId=c0ed6388-8d81-4e64-8784-d87e21bc0d3c] INFO  c.l.s.c.HelloController:41 - call multithread
2024-03-16 08:41:23 [pool-2-thread-3] [correlationId=c0ed6388-8d81-4e64-8784-d87e21bc0d3c] INFO  c.l.s.c.HelloController:41 - call multithread
2024-03-16 08:41:23 [pool-2-thread-2] [correlationId=c0ed6388-8d81-4e64-8784-d87e21bc0d3c] INFO  c.l.s.c.HelloController:41 - call multithread
2024-03-16 08:41:23 [pool-2-thread-3] [correlationId=c0ed6388-8d81-4e64-8784-d87e21bc0d3c] INFO  c.l.s.c.HelloController:41 - call multithread
2024-03-16 08:41:23 [pool-2-thread-2] [correlationId=c0ed6388-8d81-4e64-8784-d87e21bc0d3c] INFO  c.l.s.c.HelloController:41 - call multithread
